[2013-02-04 17:49:56] {
		0		=> 42000
		1		=> 1064
		2		=> You have an error in your SQL syntax; check the manual that corresponds to your MySQL server version for the right syntax to use near '(data_compressed, server_timestamp, ip) values
		('x???AK?0????yH??l?M???Íd???' at line 1
	}

[2013-02-04 18:00:56] {
		0		=> 42S02
		1		=> 1146
		2		=> Table 'tcclick.tcclick_qqwry' doesn't exist
	}

[2013-02-04 18:00:56] {
		0		=> 42S02
		1		=> 1146
		2		=> Table 'tcclick.tcclick_hourly_active_devices_2013_02_04' doesn't exist
	}

[2013-02-04 18:00:57] {
		0		=> 42S02
		1		=> 1146
		2		=> Table 'tcclick.tcclick_daily_active_devices_2013_02_04' doesn't exist
	}

[2013-02-04 18:00:57] {
		0		=> 42S02
		1		=> 1146
		2		=> Table 'tcclick.tcclick_weekly_active_devices_2013_02_04' doesn't exist
	}

[2013-02-04 18:00:57] {
		0		=> 42S02
		1		=> 1146
		2		=> Table 'tcclick.tcclick_monthly_active_devices_2013_02' doesn't exist
	}

[2013-02-04 18:01:26] {
		0		=> 42S02
		1		=> 1146
		2		=> Table 'tcclick.tcclick_qqwry' doesn't exist
	}

[2013-02-04 18:02:58] {
		0		=> 42S02
		1		=> 1146
		2		=> Table 'tcclick.tcclick_qqwry' doesn't exist
	}

[2013-02-04 18:03:45] {
		0		=> 42S02
		1		=> 1146
		2		=> Table 'tcclick.tcclick_qqwry' doesn't exist
	}

[2013-02-04 18:04:10] {
		0		=> 42S02
		1		=> 1146
		2		=> Table 'tcclick.tcclick_qqwry' doesn't exist
	}

[2013-02-04 18:04:11] {
		0		=> 42S02
		1		=> 1146
		2		=> Table 'tcclick.tcclick_qqwry' doesn't exist
	}

[2013-02-04 20:12:35] {
		0		=> 42S02
		1		=> 1146
		2		=> Table 'tcclick.tcclick_qqwry' doesn't exist
	}

[2013-02-04 20:22:16] {
		0		=> 42S02
		1		=> 1146
		2		=> Table 'tcclick.tcclick_qqwry' doesn't exist
	}

[2013-02-04 20:22:28] {
		0		=> 42S02
		1		=> 1146
		2		=> Table 'tcclick.tcclick_qqwry' doesn't exist
	}

[2013-02-04 20:22:51] {
		0		=> 42S02
		1		=> 1146
		2		=> Table 'tcclick.tcclick_qqwry' doesn't exist
	}

[2013-02-04 20:24:12] {
		0		=> 42S02
		1		=> 1146
		2		=> Table 'tcclick.tcclick_qqwry' doesn't exist
	}

[2013-02-04 20:24:13] {
		0		=> 42S02
		1		=> 1146
		2		=> Table 'tcclick.tcclick_qqwry' doesn't exist
	}

[2013-02-04 20:25:54] {
		0		=> 42S02
		1		=> 1146
		2		=> Table 'tcclick.tcclick_qqwry' doesn't exist
	}

[2013-02-04 20:26:38] {
		0		=> 42S02
		1		=> 1146
		2		=> Table 'tcclick.tcclick_qqwry' doesn't exist
	}

[2013-02-04 20:29:35] {
		0		=> 42S02
		1		=> 1146
		2		=> Table 'tcclick.tcclick_qqwry' doesn't exist
	}

[2013-02-04 20:30:15] {
		0		=> 42S02
		1		=> 1146
		2		=> Table 'tcclick.tcclick_qqwry' doesn't exist
	}

[2013-02-04 20:47:35] {
		0		=> 42S02
		1		=> 1146
		2		=> Table 'tcclick.tcclick_qqwry' doesn't exist
	}

[2013-02-04 20:47:35] {
		0		=> 23000
		1		=> 1048
		2		=> Column 'name_id' cannot be null
	}

[2013-02-04 20:47:35] {
		0		=> 23000
		1		=> 1048
		2		=> Column 'name_id' cannot be null
	}

[2013-02-04 20:47:35] {
		0		=> 23000
		1		=> 1048
		2		=> Column 'name_id' cannot be null
	}

[2013-02-04 20:47:35] {
		0		=> 23000
		1		=> 1048
		2		=> Column 'name_id' cannot be null
	}

[2013-02-04 20:47:35] {
		0		=> 23000
		1		=> 1048
		2		=> Column 'name_id' cannot be null
	}

[2013-02-04 20:47:35] {
		0		=> 23000
		1		=> 1048
		2		=> Column 'name_id' cannot be null
	}

[2013-02-04 20:47:35] {
		0		=> 23000
		1		=> 1048
		2		=> Column 'name_id' cannot be null
	}

[2013-02-04 20:47:35] {
		0		=> 23000
		1		=> 1048
		2		=> Column 'name_id' cannot be null
	}

[2013-02-04 20:47:35] {
		0		=> 23000
		1		=> 1048
		2		=> Column 'name_id' cannot be null
	}

[2013-02-04 20:47:35] {
		0		=> 23000
		1		=> 1048
		2		=> Column 'name_id' cannot be null
	}

[2013-02-04 20:47:35] {
		0		=> 23000
		1		=> 1048
		2		=> Column 'name_id' cannot be null
	}

[2013-02-04 20:47:35] {
		0		=> 23000
		1		=> 1048
		2		=> Column 'name_id' cannot be null
	}

[2013-02-04 20:47:35] {
		0		=> 23000
		1		=> 1048
		2		=> Column 'name_id' cannot be null
	}

[2013-02-04 20:47:35] {
		0		=> 23000
		1		=> 1048
		2		=> Column 'name_id' cannot be null
	}

[2013-02-04 20:47:35] {
		0		=> 23000
		1		=> 1048
		2		=> Column 'name_id' cannot be null
	}

[2013-02-04 20:47:35] {
		0		=> 23000
		1		=> 1048
		2		=> Column 'name_id' cannot be null
	}

[2013-02-04 20:48:23] {
		0		=> 42S02
		1		=> 1146
		2		=> Table 'tcclick.tcclick_qqwry' doesn't exist
	}

[2013-02-04 20:48:23] {
		0		=> 23000
		1		=> 1048
		2		=> Column 'name_id' cannot be null
	}

[2013-02-04 20:48:23] {
		0		=> 23000
		1		=> 1048
		2		=> Column 'name_id' cannot be null
	}

[2013-02-04 20:48:23] {
		0		=> 23000
		1		=> 1048
		2		=> Column 'name_id' cannot be null
	}

[2013-02-04 20:48:23] {
		0		=> 23000
		1		=> 1048
		2		=> Column 'name_id' cannot be null
	}

[2013-02-04 20:48:23] {
		0		=> 23000
		1		=> 1048
		2		=> Column 'name_id' cannot be null
	}

[2013-02-04 20:48:23] {
		0		=> 23000
		1		=> 1048
		2		=> Column 'name_id' cannot be null
	}

[2013-02-04 20:48:23] {
		0		=> 23000
		1		=> 1048
		2		=> Column 'name_id' cannot be null
	}

[2013-02-04 20:48:23] {
		0		=> 23000
		1		=> 1048
		2		=> Column 'name_id' cannot be null
	}

[2013-02-04 20:48:23] {
		0		=> 23000
		1		=> 1048
		2		=> Column 'name_id' cannot be null
	}

[2013-02-04 20:48:23] {
		0		=> 23000
		1		=> 1048
		2		=> Column 'name_id' cannot be null
	}

[2013-02-04 20:48:23] {
		0		=> 23000
		1		=> 1048
		2		=> Column 'name_id' cannot be null
	}

[2013-02-04 20:48:23] {
		0		=> 23000
		1		=> 1048
		2		=> Column 'name_id' cannot be null
	}

[2013-02-04 20:48:23] {
		0		=> 23000
		1		=> 1048
		2		=> Column 'name_id' cannot be null
	}

[2013-02-04 20:48:23] {
		0		=> 23000
		1		=> 1048
		2		=> Column 'name_id' cannot be null
	}

[2013-02-04 20:48:23] {
		0		=> 23000
		1		=> 1048
		2		=> Column 'name_id' cannot be null
	}

[2013-02-04 20:48:23] {
		0		=> 23000
		1		=> 1048
		2		=> Column 'name_id' cannot be null
	}

[2013-02-04 20:49:09] {
		0		=> 42S02
		1		=> 1146
		2		=> Table 'tcclick.tcclick_qqwry' doesn't exist
	}

[2013-02-04 20:49:09] {
		0		=> 23000
		1		=> 1048
		2		=> Column 'name_id' cannot be null
	}

[2013-02-04 20:49:09] {
		0		=> 23000
		1		=> 1048
		2		=> Column 'name_id' cannot be null
	}

[2013-02-04 20:49:09] {
		0		=> 23000
		1		=> 1048
		2		=> Column 'name_id' cannot be null
	}

[2013-02-04 20:49:09] {
		0		=> 23000
		1		=> 1048
		2		=> Column 'name_id' cannot be null
	}

[2013-02-04 20:49:09] {
		0		=> 23000
		1		=> 1048
		2		=> Column 'name_id' cannot be null
	}

[2013-02-04 20:49:09] {
		0		=> 23000
		1		=> 1048
		2		=> Column 'name_id' cannot be null
	}

[2013-02-04 20:49:09] {
		0		=> 23000
		1		=> 1048
		2		=> Column 'name_id' cannot be null
	}

[2013-02-04 20:49:09] {
		0		=> 23000
		1		=> 1048
		2		=> Column 'name_id' cannot be null
	}

[2013-02-04 20:49:09] {
		0		=> 23000
		1		=> 1048
		2		=> Column 'name_id' cannot be null
	}

[2013-02-04 20:49:09] {
		0		=> 23000
		1		=> 1048
		2		=> Column 'name_id' cannot be null
	}

[2013-02-04 20:49:09] {
		0		=> 23000
		1		=> 1048
		2		=> Column 'name_id' cannot be null
	}

[2013-02-04 20:49:09] {
		0		=> 23000
		1		=> 1048
		2		=> Column 'name_id' cannot be null
	}

[2013-02-04 20:49:09] {
		0		=> 23000
		1		=> 1048
		2		=> Column 'name_id' cannot be null
	}

[2013-02-04 20:49:09] {
		0		=> 23000
		1		=> 1048
		2		=> Column 'name_id' cannot be null
	}

[2013-02-04 20:49:09] {
		0		=> 23000
		1		=> 1048
		2		=> Column 'name_id' cannot be null
	}

[2013-02-04 20:49:09] {
		0		=> 23000
		1		=> 1048
		2		=> Column 'name_id' cannot be null
	}

[2013-02-04 20:49:36] {
		0		=> 42S02
		1		=> 1146
		2		=> Table 'tcclick.tcclick_qqwry' doesn't exist
	}

[2013-02-04 20:49:36] {
		0		=> 23000
		1		=> 1048
		2		=> Column 'name_id' cannot be null
	}

[2013-02-04 20:49:36] {
		0		=> 23000
		1		=> 1048
		2		=> Column 'name_id' cannot be null
	}

[2013-02-04 20:49:36] {
		0		=> 23000
		1		=> 1048
		2		=> Column 'name_id' cannot be null
	}

[2013-02-04 20:49:36] {
		0		=> 23000
		1		=> 1048
		2		=> Column 'name_id' cannot be null
	}

[2013-02-04 20:49:36] {
		0		=> 23000
		1		=> 1048
		2		=> Column 'name_id' cannot be null
	}

[2013-02-04 20:49:36] {
		0		=> 23000
		1		=> 1048
		2		=> Column 'name_id' cannot be null
	}

[2013-02-04 20:49:36] {
		0		=> 23000
		1		=> 1048
		2		=> Column 'name_id' cannot be null
	}

[2013-02-04 20:49:36] {
		0		=> 23000
		1		=> 1048
		2		=> Column 'name_id' cannot be null
	}

[2013-02-04 20:49:36] {
		0		=> 23000
		1		=> 1048
		2		=> Column 'name_id' cannot be null
	}

[2013-02-04 20:49:36] {
		0		=> 23000
		1		=> 1048
		2		=> Column 'name_id' cannot be null
	}

[2013-02-04 20:49:36] {
		0		=> 23000
		1		=> 1048
		2		=> Column 'name_id' cannot be null
	}

[2013-02-04 20:49:36] {
		0		=> 23000
		1		=> 1048
		2		=> Column 'name_id' cannot be null
	}

[2013-02-04 20:49:36] {
		0		=> 23000
		1		=> 1048
		2		=> Column 'name_id' cannot be null
	}

[2013-02-04 20:49:36] {
		0		=> 23000
		1		=> 1048
		2		=> Column 'name_id' cannot be null
	}

[2013-02-04 20:49:36] {
		0		=> 23000
		1		=> 1048
		2		=> Column 'name_id' cannot be null
	}

[2013-02-04 20:49:36] {
		0		=> 23000
		1		=> 1048
		2		=> Column 'name_id' cannot be null
	}

[2013-02-04 20:49:51] {
		0		=> 42S02
		1		=> 1146
		2		=> Table 'tcclick.tcclick_qqwry' doesn't exist
	}

[2013-02-04 20:49:51] {
		0		=> 23000
		1		=> 1048
		2		=> Column 'name_id' cannot be null
	}

[2013-02-04 20:49:51] {
		0		=> 23000
		1		=> 1048
		2		=> Column 'name_id' cannot be null
	}

[2013-02-04 20:49:51] {
		0		=> 23000
		1		=> 1048
		2		=> Column 'name_id' cannot be null
	}

[2013-02-04 20:49:51] {
		0		=> 23000
		1		=> 1048
		2		=> Column 'name_id' cannot be null
	}

[2013-02-04 20:49:51] {
		0		=> 23000
		1		=> 1048
		2		=> Column 'name_id' cannot be null
	}

[2013-02-04 20:49:51] {
		0		=> 23000
		1		=> 1048
		2		=> Column 'name_id' cannot be null
	}

[2013-02-04 20:49:51] {
		0		=> 23000
		1		=> 1048
		2		=> Column 'name_id' cannot be null
	}

[2013-02-04 20:49:51] {
		0		=> 23000
		1		=> 1048
		2		=> Column 'name_id' cannot be null
	}

[2013-02-04 20:49:51] {
		0		=> 23000
		1		=> 1048
		2		=> Column 'name_id' cannot be null
	}

[2013-02-04 20:49:51] {
		0		=> 23000
		1		=> 1048
		2		=> Column 'name_id' cannot be null
	}

[2013-02-04 20:49:51] {
		0		=> 23000
		1		=> 1048
		2		=> Column 'name_id' cannot be null
	}

[2013-02-04 20:49:51] {
		0		=> 23000
		1		=> 1048
		2		=> Column 'name_id' cannot be null
	}

[2013-02-04 20:49:51] {
		0		=> 23000
		1		=> 1048
		2		=> Column 'name_id' cannot be null
	}

[2013-02-04 20:49:51] {
		0		=> 23000
		1		=> 1048
		2		=> Column 'name_id' cannot be null
	}

[2013-02-04 20:49:51] {
		0		=> 23000
		1		=> 1048
		2		=> Column 'name_id' cannot be null
	}

[2013-02-04 20:49:51] {
		0		=> 23000
		1		=> 1048
		2		=> Column 'name_id' cannot be null
	}

[2013-02-04 20:50:15] {
		0		=> 42S02
		1		=> 1146
		2		=> Table 'tcclick.tcclick_qqwry' doesn't exist
	}

[2013-02-04 20:50:15] {
		0		=> 23000
		1		=> 1048
		2		=> Column 'name_id' cannot be null
	}

[2013-02-04 20:50:15] {
		0		=> 23000
		1		=> 1048
		2		=> Column 'name_id' cannot be null
	}

[2013-02-04 20:50:15] {
		0		=> 23000
		1		=> 1048
		2		=> Column 'name_id' cannot be null
	}

[2013-02-04 20:50:15] {
		0		=> 23000
		1		=> 1048
		2		=> Column 'name_id' cannot be null
	}

[2013-02-04 20:50:15] {
		0		=> 23000
		1		=> 1048
		2		=> Column 'name_id' cannot be null
	}

[2013-02-04 20:50:15] {
		0		=> 23000
		1		=> 1048
		2		=> Column 'name_id' cannot be null
	}

[2013-02-04 20:50:15] {
		0		=> 23000
		1		=> 1048
		2		=> Column 'name_id' cannot be null
	}

[2013-02-04 20:50:15] {
		0		=> 23000
		1		=> 1048
		2		=> Column 'name_id' cannot be null
	}

[2013-02-04 20:50:15] {
		0		=> 23000
		1		=> 1048
		2		=> Column 'name_id' cannot be null
	}

[2013-02-04 20:50:15] {
		0		=> 23000
		1		=> 1048
		2		=> Column 'name_id' cannot be null
	}

[2013-02-04 20:50:15] {
		0		=> 23000
		1		=> 1048
		2		=> Column 'name_id' cannot be null
	}

[2013-02-04 20:50:15] {
		0		=> 23000
		1		=> 1048
		2		=> Column 'name_id' cannot be null
	}

[2013-02-04 20:50:15] {
		0		=> 23000
		1		=> 1048
		2		=> Column 'name_id' cannot be null
	}

[2013-02-04 20:50:15] {
		0		=> 23000
		1		=> 1048
		2		=> Column 'name_id' cannot be null
	}

[2013-02-04 20:50:15] {
		0		=> 23000
		1		=> 1048
		2		=> Column 'name_id' cannot be null
	}

[2013-02-04 20:50:15] {
		0		=> 23000
		1		=> 1048
		2		=> Column 'name_id' cannot be null
	}

[2013-02-04 20:58:22] {
		0		=> 42S02
		1		=> 1146
		2		=> Table 'tcclick.tcclick_qqwry' doesn't exist
	}

[2013-02-04 20:58:22] {
		0		=> 23000
		1		=> 1048
		2		=> Column 'name_id' cannot be null
	}

[2013-02-04 20:58:22] {
		0		=> 23000
		1		=> 1048
		2		=> Column 'name_id' cannot be null
	}

[2013-02-04 20:58:22] {
		0		=> 23000
		1		=> 1048
		2		=> Column 'name_id' cannot be null
	}

[2013-02-04 20:58:22] {
		0		=> 23000
		1		=> 1048
		2		=> Column 'name_id' cannot be null
	}

[2013-02-04 20:58:22] {
		0		=> 23000
		1		=> 1048
		2		=> Column 'name_id' cannot be null
	}

[2013-02-04 20:58:22] {
		0		=> 23000
		1		=> 1048
		2		=> Column 'name_id' cannot be null
	}

[2013-02-04 20:58:22] {
		0		=> 23000
		1		=> 1048
		2		=> Column 'name_id' cannot be null
	}

[2013-02-04 20:58:22] {
		0		=> 23000
		1		=> 1048
		2		=> Column 'name_id' cannot be null
	}

[2013-02-04 20:58:22] {
		0		=> 23000
		1		=> 1048
		2		=> Column 'name_id' cannot be null
	}

[2013-02-04 20:58:22] {
		0		=> 23000
		1		=> 1048
		2		=> Column 'name_id' cannot be null
	}

[2013-02-04 20:58:22] {
		0		=> 23000
		1		=> 1048
		2		=> Column 'name_id' cannot be null
	}

[2013-02-04 20:58:22] {
		0		=> 23000
		1		=> 1048
		2		=> Column 'name_id' cannot be null
	}

[2013-02-04 20:58:22] {
		0		=> 23000
		1		=> 1048
		2		=> Column 'name_id' cannot be null
	}

[2013-02-04 20:58:22] {
		0		=> 23000
		1		=> 1048
		2		=> Column 'name_id' cannot be null
	}

[2013-02-04 20:58:22] {
		0		=> 23000
		1		=> 1048
		2		=> Column 'name_id' cannot be null
	}

[2013-02-04 20:58:22] {
		0		=> 23000
		1		=> 1048
		2		=> Column 'name_id' cannot be null
	}

[2013-02-04 21:00:35] {
		0		=> 42S02
		1		=> 1146
		2		=> Table 'tcclick.tcclick_qqwry' doesn't exist
	}

[2013-02-04 21:00:35] {
		0		=> 23000
		1		=> 1048
		2		=> Column 'name_id' cannot be null
	}

[2013-02-04 21:00:35] {
		0		=> 23000
		1		=> 1048
		2		=> Column 'name_id' cannot be null
	}

[2013-02-04 21:00:35] {
		0		=> 23000
		1		=> 1048
		2		=> Column 'name_id' cannot be null
	}

[2013-02-04 21:00:35] {
		0		=> 23000
		1		=> 1048
		2		=> Column 'name_id' cannot be null
	}

[2013-02-04 21:00:35] {
		0		=> 23000
		1		=> 1048
		2		=> Column 'name_id' cannot be null
	}

[2013-02-04 21:00:35] {
		0		=> 23000
		1		=> 1048
		2		=> Column 'name_id' cannot be null
	}

[2013-02-04 21:00:35] {
		0		=> 23000
		1		=> 1048
		2		=> Column 'name_id' cannot be null
	}

[2013-02-04 21:00:35] {
		0		=> 23000
		1		=> 1048
		2		=> Column 'name_id' cannot be null
	}

[2013-02-04 21:00:35] {
		0		=> 23000
		1		=> 1048
		2		=> Column 'name_id' cannot be null
	}

[2013-02-04 21:00:35] {
		0		=> 23000
		1		=> 1048
		2		=> Column 'name_id' cannot be null
	}

[2013-02-04 21:00:35] {
		0		=> 23000
		1		=> 1048
		2		=> Column 'name_id' cannot be null
	}

[2013-02-04 21:00:35] {
		0		=> 23000
		1		=> 1048
		2		=> Column 'name_id' cannot be null
	}

[2013-02-04 21:00:35] {
		0		=> 23000
		1		=> 1048
		2		=> Column 'name_id' cannot be null
	}

[2013-02-04 21:00:35] {
		0		=> 23000
		1		=> 1048
		2		=> Column 'name_id' cannot be null
	}

[2013-02-04 21:00:35] {
		0		=> 23000
		1		=> 1048
		2		=> Column 'name_id' cannot be null
	}

[2013-02-04 21:00:35] {
		0		=> 23000
		1		=> 1048
		2		=> Column 'name_id' cannot be null
	}

[2013-02-04 21:01:19] {
		0		=> 42S02
		1		=> 1146
		2		=> Table 'tcclick.tcclick_qqwry' doesn't exist
	}

[2013-02-04 21:01:19] {
		0		=> 23000
		1		=> 1048
		2		=> Column 'name_id' cannot be null
	}

[2013-02-04 21:01:19] {
		0		=> 23000
		1		=> 1048
		2		=> Column 'name_id' cannot be null
	}

[2013-02-04 21:01:19] {
		0		=> 23000
		1		=> 1048
		2		=> Column 'name_id' cannot be null
	}

[2013-02-04 21:01:19] {
		0		=> 23000
		1		=> 1048
		2		=> Column 'name_id' cannot be null
	}

[2013-02-04 21:01:19] {
		0		=> 23000
		1		=> 1048
		2		=> Column 'name_id' cannot be null
	}

[2013-02-04 21:01:19] {
		0		=> 23000
		1		=> 1048
		2		=> Column 'name_id' cannot be null
	}

[2013-02-04 21:01:19] {
		0		=> 23000
		1		=> 1048
		2		=> Column 'name_id' cannot be null
	}

[2013-02-04 21:01:19] {
		0		=> 23000
		1		=> 1048
		2		=> Column 'name_id' cannot be null
	}

[2013-02-04 21:01:19] {
		0		=> 23000
		1		=> 1048
		2		=> Column 'name_id' cannot be null
	}

[2013-02-04 21:01:19] {
		0		=> 23000
		1		=> 1048
		2		=> Column 'name_id' cannot be null
	}

[2013-02-04 21:01:19] {
		0		=> 23000
		1		=> 1048
		2		=> Column 'name_id' cannot be null
	}

[2013-02-04 21:01:19] {
		0		=> 23000
		1		=> 1048
		2		=> Column 'name_id' cannot be null
	}

[2013-02-04 21:01:19] {
		0		=> 23000
		1		=> 1048
		2		=> Column 'name_id' cannot be null
	}

[2013-02-04 21:01:19] {
		0		=> 23000
		1		=> 1048
		2		=> Column 'name_id' cannot be null
	}

[2013-02-04 21:01:19] {
		0		=> 23000
		1		=> 1048
		2		=> Column 'name_id' cannot be null
	}

[2013-02-04 21:01:19] {
		0		=> 23000
		1		=> 1048
		2		=> Column 'name_id' cannot be null
	}

[2013-02-04 21:02:14] {
		0		=> 42S02
		1		=> 1146
		2		=> Table 'tcclick.tcclick_qqwry' doesn't exist
	}

[2013-02-04 21:02:14] {
		0		=> 23000
		1		=> 1048
		2		=> Column 'name_id' cannot be null
	}

[2013-02-04 21:02:14] {
		0		=> 23000
		1		=> 1048
		2		=> Column 'name_id' cannot be null
	}

[2013-02-04 21:02:14] {
		0		=> 23000
		1		=> 1048
		2		=> Column 'name_id' cannot be null
	}

[2013-02-04 21:02:14] {
		0		=> 23000
		1		=> 1048
		2		=> Column 'name_id' cannot be null
	}

[2013-02-04 21:02:14] {
		0		=> 23000
		1		=> 1048
		2		=> Column 'name_id' cannot be null
	}

[2013-02-04 21:02:14] {
		0		=> 23000
		1		=> 1048
		2		=> Column 'name_id' cannot be null
	}

[2013-02-04 21:02:14] {
		0		=> 23000
		1		=> 1048
		2		=> Column 'name_id' cannot be null
	}

[2013-02-04 21:02:14] {
		0		=> 23000
		1		=> 1048
		2		=> Column 'name_id' cannot be null
	}

[2013-02-04 21:02:14] {
		0		=> 23000
		1		=> 1048
		2		=> Column 'name_id' cannot be null
	}

[2013-02-04 21:02:14] {
		0		=> 23000
		1		=> 1048
		2		=> Column 'name_id' cannot be null
	}

[2013-02-04 21:02:14] {
		0		=> 23000
		1		=> 1048
		2		=> Column 'name_id' cannot be null
	}

[2013-02-04 21:02:14] {
		0		=> 23000
		1		=> 1048
		2		=> Column 'name_id' cannot be null
	}

[2013-02-04 21:02:14] {
		0		=> 23000
		1		=> 1048
		2		=> Column 'name_id' cannot be null
	}

[2013-02-04 21:02:14] {
		0		=> 23000
		1		=> 1048
		2		=> Column 'name_id' cannot be null
	}

[2013-02-04 21:02:14] {
		0		=> 23000
		1		=> 1048
		2		=> Column 'name_id' cannot be null
	}

[2013-02-04 21:02:14] {
		0		=> 23000
		1		=> 1048
		2		=> Column 'name_id' cannot be null
	}

[2013-02-04 21:03:36] {
		0		=> 42S02
		1		=> 1146
		2		=> Table 'tcclick.tcclick_qqwry' doesn't exist
	}

[2013-02-04 21:03:36] {
		0		=> 23000
		1		=> 1048
		2		=> Column 'name_id' cannot be null
	}

[2013-02-04 21:03:36] {
		0		=> 23000
		1		=> 1048
		2		=> Column 'name_id' cannot be null
	}

[2013-02-04 21:03:50] {
		0		=> 42S02
		1		=> 1146
		2		=> Table 'tcclick.tcclick_qqwry' doesn't exist
	}

[2013-02-04 21:03:50] {
		0		=> 23000
		1		=> 1048
		2		=> Column 'name_id' cannot be null
	}

[2013-02-04 21:03:50] {
		0		=> 23000
		1		=> 1048
		2		=> Column 'name_id' cannot be null
	}

[2013-02-04 21:04:31] {
		0		=> 42S02
		1		=> 1146
		2		=> Table 'tcclick.tcclick_qqwry' doesn't exist
	}

[2013-02-04 21:04:47] {
		0		=> 42S02
		1		=> 1146
		2		=> Table 'tcclick.tcclick_qqwry' doesn't exist
	}

[2013-02-04 21:05:01] {
		0		=> 42S02
		1		=> 1146
		2		=> Table 'tcclick.tcclick_qqwry' doesn't exist
	}

[2013-02-04 21:06:45] {
		0		=> 42S02
		1		=> 1146
		2		=> Table 'tcclick.tcclick_qqwry' doesn't exist
	}

[2013-02-04 21:12:26] {
		0		=> 42S02
		1		=> 1146
		2		=> Table 'tcclick.tcclick_qqwry' doesn't exist
	}

[2013-02-04 21:14:13] {
		0		=> 42S02
		1		=> 1146
		2		=> Table 'tcclick.tcclick_qqwry' doesn't exist
	}

[2013-02-04 21:14:28] {
		0		=> 42S02
		1		=> 1146
		2		=> Table 'tcclick.tcclick_qqwry' doesn't exist
	}

[2013-02-04 21:15:18] {
		0		=> 42S02
		1		=> 1146
		2		=> Table 'tcclick.tcclick_qqwry' doesn't exist
	}

[2013-02-04 21:15:28] {
		0		=> 42S02
		1		=> 1146
		2		=> Table 'tcclick.tcclick_qqwry' doesn't exist
	}

[2013-02-04 21:15:51] {
		0		=> 42S02
		1		=> 1146
		2		=> Table 'tcclick.tcclick_qqwry' doesn't exist
	}

[2013-02-04 21:17:32] {
		0		=> 42S02
		1		=> 1146
		2		=> Table 'tcclick.tcclick_qqwry' doesn't exist
	}

[2013-02-04 21:17:32] {
		0		=> 42000
		1		=> 1064
		2		=> You have an error in your SQL syntax; check the manual that corresponds to your MySQL server version for the right syntax to use near 'where event_id=1' at line 1
	}

[2013-02-04 21:17:48] {
		0		=> 42S02
		1		=> 1146
		2		=> Table 'tcclick.tcclick_qqwry' doesn't exist
	}

[2013-02-04 21:20:15] {
		0		=> 42S02
		1		=> 1146
		2		=> Table 'tcclick.tcclick_qqwry' doesn't exist
	}

[2013-02-04 21:20:42] {
		0		=> 42S02
		1		=> 1146
		2		=> Table 'tcclick.tcclick_qqwry' doesn't exist
	}

[2013-02-04 21:20:42] {
		0		=> 42S02
		1		=> 1146
		2		=> Table 'tcclick.tcclick_qqwry' doesn't exist
	}

[2013-02-04 21:20:49] {
		0		=> 42S02
		1		=> 1146
		2		=> Table 'tcclick.tcclick_qqwry' doesn't exist
	}

[2013-02-04 21:20:49] {
		0		=> 42S02
		1		=> 1146
		2		=> Table 'tcclick.tcclick_qqwry' doesn't exist
	}

[2013-02-04 21:22:15] {
		0		=> 42S02
		1		=> 1146
		2		=> Table 'tcclick.tcclick_qqwry' doesn't exist
	}

[2013-02-04 21:22:15] {
		0		=> 42S02
		1		=> 1146
		2		=> Table 'tcclick.tcclick_qqwry' doesn't exist
	}

[2013-02-04 21:23:35] {
		0		=> 42S02
		1		=> 1146
		2		=> Table 'tcclick.tcclick_qqwry' doesn't exist
	}

[2013-02-04 21:23:35] {
		0		=> 42S02
		1		=> 1146
		2		=> Table 'tcclick.tcclick_qqwry' doesn't exist
	}

[2013-02-04 21:23:57] {
		0		=> 42S02
		1		=> 1146
		2		=> Table 'tcclick.tcclick_qqwry' doesn't exist
	}

[2013-02-04 21:23:57] {
		0		=> 42S02
		1		=> 1146
		2		=> Table 'tcclick.tcclick_qqwry' doesn't exist
	}

